<?xml version="1.0" encoding="UTF-8"?>
<features version="1"><feature name="BackgroundGT" path="src\test\resources\features\Background.feature" started="1566289514235" tag="@TID1004REV0.2.0"><file><![CDATA[#Auto generated Octane revision tag
@TID1004REV0.2.0
Feature:BackgroundGT

  Background: User is Logged In
    Given Background given
    When Background when
    And Background and
    Then Background then

  Scenario Outline: Background Step + Scenario Outline
    Given <username> and <password> are known
    When the credentials are written
    And the Login button is clicked
    Then The login is successful

    Examples:
      | username | password |
      | a        | 1        |
      | b        | 2        |

]]></file><scenarios><scenario name="Background Step + Scenario Outline" outlineIndex="1"><steps><step duration="745344" name="Given Background given" status="passed"/><step duration="60036" name="When Background when" status="passed"/><step duration="11328" name="And Background and" status="passed"/><step duration="8307" name="Then Background then" status="passed"/><step duration="9062" name="Given a and 1 are known" status="passed"/><step duration="8307" name="When the credentials are written" status="passed"/><step duration="9439" name="And the Login button is clicked" status="passed"/><step duration="10194" name="Then The login is successful" status="passed"/></steps></scenario><scenario name="Background Step + Scenario Outline" outlineIndex="2"><steps><step duration="98927" name="Given Background given" status="passed"/><step duration="20389" name="When Background when" status="passed"/><step duration="26053" name="And Background and" status="passed"/><step duration="12083" name="Then Background then" status="passed"/><step duration="3759194" name="Given b and 2 are known" status="failed"><error_message><![CDATA[java.lang.AssertionError: expected:<99> but was:<18>
	at org.junit.Assert.fail(Assert.java:88)
	at org.junit.Assert.failNotEquals(Assert.java:834)
	at org.junit.Assert.assertEquals(Assert.java:645)
	at org.junit.Assert.assertEquals(Assert.java:631)
	at MyStepdefs.band2areknown(MyStepdefs.java:59)
	at ✽.b and 2 are known(src/test/resources/features/Background.feature:12)
]]></error_message></step><step duration="7551" name="When the credentials are written" status="skipped"/><step duration="4153" name="And the Login button is clicked" status="skipped"/><step duration="3776" name="Then The login is successful" status="skipped"/></steps></scenario></scenarios></feature><feature name="ButtonsGT" path="src\test\resources\features\ButtonsGT.feature" started="1566289514238" tag="@TID1002REV0.2.0"><file><![CDATA[#Auto generated Octane revision tag
@TID1002REV0.2.0
Feature: ButtonsGT
	Scenario: Check the buttons
		Given there is a GT
		When the user modifies the script from IDE and runs the Pipeline
		Then the buttons should appear in Octane]]></file><scenarios><scenario name="Check the buttons"><steps><step duration="79292" name="Given there is a GT" status="passed"/><step duration="10950" name="When the user modifies the script from IDE and runs the Pipeline" status="passed"/><step duration="259020" name="Then the buttons should appear in Octane" status="failed"><error_message><![CDATA[java.lang.AssertionError: expected:<5> but was:<555>
	at org.junit.Assert.fail(Assert.java:88)
	at org.junit.Assert.failNotEquals(Assert.java:834)
	at org.junit.Assert.assertEquals(Assert.java:645)
	at org.junit.Assert.assertEquals(Assert.java:631)
	at MyStepdefs.theButtonsShouldAppearInOctane(MyStepdefs.java:22)
	at ✽.the buttons should appear in Octane(src/test/resources/features/ButtonsGT.feature:7)
]]></error_message></step></steps></scenario></scenarios></feature><feature name="CommentsGT" path="src\test\resources\features\CommentsGT.feature" started="1566289514239" tag="@TID1009REV0.9.0"><file><![CDATA[#Auto generated Octane revision tag
@TID1009REV0.9.0
Feature: CommentsGT
#This is the scenario comment
  Scenario: Open Feature Dialog in Octane2
    #This is the Given comment
    Given the following users exist
    #This is the But comment
    But Clicking the Create New requirement
     #This is the And comment
    And Clicking the Create New defect
     #This is the When comment
    When Clicking the New Feature
    Then I should receive an email with
]]></file><scenarios><scenario name="Open Feature Dialog in Octane2"><steps><step duration="60413" name="Given the following users exist" status="passed"/><step duration="14348" name="But Clicking the Create New requirement" status="passed"/><step duration="8307" name="And Clicking the Create New defect" status="passed"/><step duration="7174" name="When Clicking the New Feature" status="passed"/><step duration="143103" name="Then I should receive an email with" status="failed"><error_message><![CDATA[java.lang.AssertionError: expected:<77> but was:<14>
	at org.junit.Assert.fail(Assert.java:88)
	at org.junit.Assert.failNotEquals(Assert.java:834)
	at org.junit.Assert.assertEquals(Assert.java:645)
	at org.junit.Assert.assertEquals(Assert.java:631)
	at MyStepdefs.iShouldReceiveAnEmailWith(MyStepdefs.java:99)
	at ✽.I should receive an email with(src/test/resources/features/CommentsGT.feature:14)
]]></error_message></step></steps></scenario></scenarios></feature><feature name="NewFromYaniv" path="src\test\resources\features\FromYaniv.feature" started="1566289514239" tag="@TID1021REV0.2.0"><file><![CDATA[#Auto generated Octane revision tag
@TID1021REV0.2.0
Feature: NewFromYaniv
  feat_desc
  Background:
  back_desc
#    Given this is a failing background step
    Given this is background

  Scenario: scenario 1
  scenario_1_desc
    Given memo
    """
    Some Title,
    ===============
    Here is the first paragraph of my blog post. Lorem ipsum dolor sit amet,
    consectetur adipiscing elit.
    """
    And Fail step 1
    When table
      | name   | email              | twitter         |
      | Aslak  | aslak@cucumber.io  | @aslak_hellesoy |
      | Julien | julien@cucumber.io | @jbpros         |
      | Matt   | matt@cucumber.io   | @mattwynne      |
    Then step 3
    Then step 4

  @exclude
  Scenario: scenario 2
  scenario_2_desc_a
  scenario_2_desc_b
    Given step 1
    And Fail step 1
    When step 2
    Then step 3
    But step 4

  Scenario: scenario 2
  scenario_2_desc_a
  scenario_2_desc_b
    Given step 5
    And Fail step 1
    When step 7
    Then step 8
    But step 9

  Scenario Outline: Open Feature Dialog in Octane2
  scenario_outline_desc
    Given I am in <module> module focused on a <entity>
    When Clicking the Create New <entity> to add a <entity>
    Then Feature dialog is open

    Examples:
      | module | entity |
      | defects      | defect      |
      | requirements      | requirement      |
]]></file><scenarios><scenario name="scenario 1"><steps><step duration="55881" name="Given this is background" status="passed"/><step duration="324719" name="Given memo" status="failed"><error_message><![CDATA[cucumber.runtime.CucumberException: Step [memo] is defined with 0 parameters at 'MyStepdefs.memo() in file:/C:/gherkinDemo/target/test-classes/'.
However, the gherkin step has 1 arguments:
 * DocString: Some Title,
===============
Here is the first paragraph of my blog post. Lorem ipsum dolor sit amet,
consectetur adipiscing elit.
Step text: memo
	at cucumber.runner.PickleStepDefinitionMatch.arityMismatch(PickleStepDefinitionMatch.java:84)
	at cucumber.runner.PickleStepDefinitionMatch.runStep(PickleStepDefinitionMatch.java:36)
	at cucumber.runner.TestStep.executeStep(TestStep.java:63)
	at cucumber.runner.TestStep.run(TestStep.java:49)
	at cucumber.runner.PickleStepTestStep.run(PickleStepTestStep.java:43)
	at cucumber.runner.TestCase.run(TestCase.java:44)
	at cucumber.runner.Runner.runPickle(Runner.java:40)
	at cucumber.runtime.junit.PickleRunners$NoStepDescriptions.run(PickleRunners.java:146)
	at cucumber.runtime.junit.FeatureRunner.runChild(FeatureRunner.java:68)
	at cucumber.runtime.junit.FeatureRunner.runChild(FeatureRunner.java:23)
	at org.junit.runners.ParentRunner$3.run(ParentRunner.java:290)
	at org.junit.runners.ParentRunner$1.schedule(ParentRunner.java:71)
	at org.junit.runners.ParentRunner.runChildren(ParentRunner.java:288)
	at org.junit.runners.ParentRunner.access$000(ParentRunner.java:58)
	at org.junit.runners.ParentRunner$2.evaluate(ParentRunner.java:268)
	at org.junit.runners.ParentRunner.run(ParentRunner.java:363)
	at cucumber.runtime.junit.FeatureRunner.run(FeatureRunner.java:73)
	at cucumber.api.junit.Cucumber.runChild(Cucumber.java:124)
	at cucumber.api.junit.Cucumber.runChild(Cucumber.java:65)
	at org.junit.runners.ParentRunner$3.run(ParentRunner.java:290)
	at org.junit.runners.ParentRunner$1.schedule(ParentRunner.java:71)
	at org.junit.runners.ParentRunner.runChildren(ParentRunner.java:288)
	at org.junit.runners.ParentRunner.access$000(ParentRunner.java:58)
	at org.junit.runners.ParentRunner$2.evaluate(ParentRunner.java:268)
	at cucumber.api.junit.Cucumber$1.evaluate(Cucumber.java:133)
	at org.junit.runners.ParentRunner.run(ParentRunner.java:363)
	at org.apache.maven.surefire.junit4.JUnit4Provider.execute(JUnit4Provider.java:252)
	at org.apache.maven.surefire.junit4.JUnit4Provider.executeTestSet(JUnit4Provider.java:141)
	at org.apache.maven.surefire.junit4.JUnit4Provider.invoke(JUnit4Provider.java:112)
	at sun.reflect.NativeMethodAccessorImpl.invoke0(Native Method)
	at sun.reflect.NativeMethodAccessorImpl.invoke(NativeMethodAccessorImpl.java:62)
	at sun.reflect.DelegatingMethodAccessorImpl.invoke(DelegatingMethodAccessorImpl.java:43)
	at java.lang.reflect.Method.invoke(Method.java:498)
	at org.apache.maven.surefire.util.ReflectionUtils.invokeMethodWithArray(ReflectionUtils.java:189)
	at org.apache.maven.surefire.booter.ProviderFactory$ProviderProxy.invoke(ProviderFactory.java:165)
	at org.apache.maven.surefire.booter.ProviderFactory.invokeProvider(ProviderFactory.java:85)
	at org.apache.maven.surefire.booter.ForkedBooter.runSuitesInProcess(ForkedBooter.java:115)
	at org.apache.maven.surefire.booter.ForkedBooter.main(ForkedBooter.java:75)
]]></error_message></step><step duration="5664" name="And Fail step 1" status="skipped"/><step duration="5286" name="When table" status="skipped"/><step duration="7930" name="Then step 3" status="skipped"/><step duration="5663" name="Then step 4" status="skipped"/></steps></scenario><scenario name="scenario 2"><steps><step duration="39268" name="Given this is background" status="passed"/><step duration="169156" name="Given step 5" status="passed"/><step duration="30961" name="And Fail step 1" status="passed"/><step duration="21900" name="When step 7" status="passed"/><step duration="20012" name="Then step 8" status="passed"/><step duration="19257" name="But step 9" status="passed"/></steps></scenario><scenario name="Open Feature Dialog in Octane2" outlineIndex="1"><steps><step duration="55505" name="Given this is background" status="passed"/><step duration="16236" name="Given I am in defects module focused on a defect" status="passed"/><step duration="273746" name="When Clicking the Create New defect to add a defect" status="failed"><error_message><![CDATA[java.lang.AssertionError: expected:<66> but was:<12>
	at org.junit.Assert.fail(Assert.java:88)
	at org.junit.Assert.failNotEquals(Assert.java:834)
	at org.junit.Assert.assertEquals(Assert.java:645)
	at org.junit.Assert.assertEquals(Assert.java:631)
	at MyStepdefs.clickingTheCreateNewDefectToAddADefect(MyStepdefs.java:166)
	at ✽.Clicking the Create New defect to add a defect(src/test/resources/features/FromYaniv.feature:50)
]]></error_message></step><step duration="6796" name="Then Feature dialog is open" status="skipped"/></steps></scenario><scenario name="Open Feature Dialog in Octane2" outlineIndex="2"><steps><step duration="37758" name="Given this is background" status="passed"/><step duration="15103" name="Given I am in requirements module focused on a requirement" status="passed"/><step duration="13215" name="When Clicking the Create New requirement to add a requirement" status="passed"/><step duration="7552" name="Then Feature dialog is open" status="passed"/></steps></scenario></scenarios></feature></features>