<?xml version="1.0" encoding="UTF-8"?>
<features version="1"><feature name="f0" path="src\test\resources\full\gherkin_test0.feature" started="1580113075304" tag=""><file><![CDATA[Feature: f0
  Scenario: s0
  Given 0
  When 1
  Then 2

  Scenario: s1
  Given 0
  When 1
  Then 2

  Scenario: s2
  Given 0
  When 1
  Then 2

  Scenario: s3
  Given 0
  When 1
  Then 2

  Scenario: s4
  Given 0
  When 1
  Then 2

  Scenario: s5
  Given 0
  When 1
  Then 2

]]></file><scenarios><scenario name="s0"><steps><step duration="327505" name="  Given 0" status="passed"></step><step duration="327505" name="  When 1" status="passed"></step><step duration="327505" name="  Then 2" status="failed"><error_message><![CDATA[java.lang.AssertionError: Error
	at org.junit.Assert.fail(Assert.java:88)
	at com.microfocus.adm.octane.gherkinautomation.ChromeLiveChatTest.gOneThen(ChromeLiveChatTest.java:63)
	at ✽.g one then(src/test/resources/full/gherkin_test.feature:7)
]]></error_message></step></steps></scenario><scenario name="s1"><steps><step duration="327505" name="  Given 0" status="passed"></step><step duration="327505" name="  When 1" status="passed"></step><step duration="327505" name="  Then 2" status="passed"></step></steps></scenario><scenario name="s2"><steps><step duration="327505" name="  Given 0" status="passed"></step><step duration="327505" name="  When 1" status="passed"></step><step duration="327505" name="  Then 2" status="passed"></step></steps></scenario><scenario name="s3"><steps><step duration="327505" name="  Given 0" status="passed"></step><step duration="327505" name="  When 1" status="passed"></step><step duration="327505" name="  Then 2" status="failed"><error_message><![CDATA[java.lang.AssertionError: Error
	at org.junit.Assert.fail(Assert.java:88)
	at com.microfocus.adm.octane.gherkinautomation.ChromeLiveChatTest.gOneThen(ChromeLiveChatTest.java:63)
	at ✽.g one then(src/test/resources/full/gherkin_test.feature:7)
]]></error_message></step></steps></scenario><scenario name="s4"><steps><step duration="327505" name="  Given 0" status="passed"></step><step duration="327505" name="  When 1" status="passed"></step><step duration="327505" name="  Then 2" status="passed"></step></steps></scenario><scenario name="s5"><steps><step duration="327505" name="  Given 0" status="passed"></step><step duration="327505" name="  When 1" status="passed"></step><step duration="327505" name="  Then 2" status="passed"></step></steps></scenario></scenarios></feature><feature name="f1" path="src\test\resources\full\gherkin_test1.feature" started="1580113075304" tag=""><file><![CDATA[Feature: f1
  Scenario: s6
  Given 0
  When 1
  Then 2

  Scenario: s7
  Given 0
  When 1
  Then 2

  Scenario: s8
  Given 0
  When 1
  Then 2

  Scenario: s9
  Given 0
  When 1
  Then 2

  Scenario: s10
  Given 0
  When 1
  Then 2

  Scenario: s11
  Given 0
  When 1
  Then 2

]]></file><scenarios><scenario name="s6"><steps><step duration="327505" name="  Given 0" status="passed"></step><step duration="327505" name="  When 1" status="passed"></step><step duration="327505" name="  Then 2" status="failed"><error_message><![CDATA[java.lang.AssertionError: Error
	at org.junit.Assert.fail(Assert.java:88)
	at com.microfocus.adm.octane.gherkinautomation.ChromeLiveChatTest.gOneThen(ChromeLiveChatTest.java:63)
	at ✽.g one then(src/test/resources/full/gherkin_test.feature:7)
]]></error_message></step></steps></scenario><scenario name="s7"><steps><step duration="327505" name="  Given 0" status="passed"></step><step duration="327505" name="  When 1" status="passed"></step><step duration="327505" name="  Then 2" status="passed"></step></steps></scenario><scenario name="s8"><steps><step duration="327505" name="  Given 0" status="passed"></step><step duration="327505" name="  When 1" status="passed"></step><step duration="327505" name="  Then 2" status="passed"></step></steps></scenario><scenario name="s9"><steps><step duration="327505" name="  Given 0" status="passed"></step><step duration="327505" name="  When 1" status="passed"></step><step duration="327505" name="  Then 2" status="failed"><error_message><![CDATA[java.lang.AssertionError: Error
	at org.junit.Assert.fail(Assert.java:88)
	at com.microfocus.adm.octane.gherkinautomation.ChromeLiveChatTest.gOneThen(ChromeLiveChatTest.java:63)
	at ✽.g one then(src/test/resources/full/gherkin_test.feature:7)
]]></error_message></step></steps></scenario><scenario name="s10"><steps><step duration="327505" name="  Given 0" status="passed"></step><step duration="327505" name="  When 1" status="passed"></step><step duration="327505" name="  Then 2" status="passed"></step></steps></scenario><scenario name="s11"><steps><step duration="327505" name="  Given 0" status="passed"></step><step duration="327505" name="  When 1" status="passed"></step><step duration="327505" name="  Then 2" status="passed"></step></steps></scenario></scenarios></feature><feature name="f2" path="src\test\resources\full\gherkin_test2.feature" started="1580113075304" tag=""><file><![CDATA[Feature: f2
  Scenario: s12
  Given 0
  When 1
  Then 2

  Scenario: s13
  Given 0
  When 1
  Then 2

  Scenario: s14
  Given 0
  When 1
  Then 2

  Scenario: s15
  Given 0
  When 1
  Then 2

  Scenario: s16
  Given 0
  When 1
  Then 2

  Scenario: s17
  Given 0
  When 1
  Then 2

]]></file><scenarios><scenario name="s12"><steps><step duration="327505" name="  Given 0" status="passed"></step><step duration="327505" name="  When 1" status="passed"></step><step duration="327505" name="  Then 2" status="failed"><error_message><![CDATA[java.lang.AssertionError: Error
	at org.junit.Assert.fail(Assert.java:88)
	at com.microfocus.adm.octane.gherkinautomation.ChromeLiveChatTest.gOneThen(ChromeLiveChatTest.java:63)
	at ✽.g one then(src/test/resources/full/gherkin_test.feature:7)
]]></error_message></step></steps></scenario><scenario name="s13"><steps><step duration="327505" name="  Given 0" status="passed"></step><step duration="327505" name="  When 1" status="passed"></step><step duration="327505" name="  Then 2" status="passed"></step></steps></scenario><scenario name="s14"><steps><step duration="327505" name="  Given 0" status="passed"></step><step duration="327505" name="  When 1" status="passed"></step><step duration="327505" name="  Then 2" status="passed"></step></steps></scenario><scenario name="s15"><steps><step duration="327505" name="  Given 0" status="passed"></step><step duration="327505" name="  When 1" status="passed"></step><step duration="327505" name="  Then 2" status="failed"><error_message><![CDATA[java.lang.AssertionError: Error
	at org.junit.Assert.fail(Assert.java:88)
	at com.microfocus.adm.octane.gherkinautomation.ChromeLiveChatTest.gOneThen(ChromeLiveChatTest.java:63)
	at ✽.g one then(src/test/resources/full/gherkin_test.feature:7)
]]></error_message></step></steps></scenario><scenario name="s16"><steps><step duration="327505" name="  Given 0" status="passed"></step><step duration="327505" name="  When 1" status="passed"></step><step duration="327505" name="  Then 2" status="passed"></step></steps></scenario><scenario name="s17"><steps><step duration="327505" name="  Given 0" status="passed"></step><step duration="327505" name="  When 1" status="passed"></step><step duration="327505" name="  Then 2" status="passed"></step></steps></scenario></scenarios></feature><feature name="f3" path="src\test\resources\full\gherkin_test3.feature" started="1580113075304" tag=""><file><![CDATA[Feature: f3
  Scenario: s18
  Given 0
  When 1
  Then 2

  Scenario: s19
  Given 0
  When 1
  Then 2

  Scenario: s20
  Given 0
  When 1
  Then 2

  Scenario: s21
  Given 0
  When 1
  Then 2

  Scenario: s22
  Given 0
  When 1
  Then 2

  Scenario: s23
  Given 0
  When 1
  Then 2

]]></file><scenarios><scenario name="s18"><steps><step duration="327505" name="  Given 0" status="passed"></step><step duration="327505" name="  When 1" status="passed"></step><step duration="327505" name="  Then 2" status="failed"><error_message><![CDATA[java.lang.AssertionError: Error
	at org.junit.Assert.fail(Assert.java:88)
	at com.microfocus.adm.octane.gherkinautomation.ChromeLiveChatTest.gOneThen(ChromeLiveChatTest.java:63)
	at ✽.g one then(src/test/resources/full/gherkin_test.feature:7)
]]></error_message></step></steps></scenario><scenario name="s19"><steps><step duration="327505" name="  Given 0" status="passed"></step><step duration="327505" name="  When 1" status="passed"></step><step duration="327505" name="  Then 2" status="passed"></step></steps></scenario><scenario name="s20"><steps><step duration="327505" name="  Given 0" status="passed"></step><step duration="327505" name="  When 1" status="passed"></step><step duration="327505" name="  Then 2" status="passed"></step></steps></scenario><scenario name="s21"><steps><step duration="327505" name="  Given 0" status="passed"></step><step duration="327505" name="  When 1" status="passed"></step><step duration="327505" name="  Then 2" status="failed"><error_message><![CDATA[java.lang.AssertionError: Error
	at org.junit.Assert.fail(Assert.java:88)
	at com.microfocus.adm.octane.gherkinautomation.ChromeLiveChatTest.gOneThen(ChromeLiveChatTest.java:63)
	at ✽.g one then(src/test/resources/full/gherkin_test.feature:7)
]]></error_message></step></steps></scenario><scenario name="s22"><steps><step duration="327505" name="  Given 0" status="passed"></step><step duration="327505" name="  When 1" status="passed"></step><step duration="327505" name="  Then 2" status="passed"></step></steps></scenario><scenario name="s23"><steps><step duration="327505" name="  Given 0" status="passed"></step><step duration="327505" name="  When 1" status="passed"></step><step duration="327505" name="  Then 2" status="passed"></step></steps></scenario></scenarios></feature><feature name="f4" path="src\test\resources\full\gherkin_test4.feature" started="1580113075304" tag=""><file><![CDATA[Feature: f4
  Scenario: s24
  Given 0
  When 1
  Then 2

  Scenario: s25
  Given 0
  When 1
  Then 2

  Scenario: s26
  Given 0
  When 1
  Then 2

  Scenario: s27
  Given 0
  When 1
  Then 2

  Scenario: s28
  Given 0
  When 1
  Then 2

  Scenario: s29
  Given 0
  When 1
  Then 2

]]></file><scenarios><scenario name="s24"><steps><step duration="327505" name="  Given 0" status="passed"></step><step duration="327505" name="  When 1" status="passed"></step><step duration="327505" name="  Then 2" status="failed"><error_message><![CDATA[java.lang.AssertionError: Error
	at org.junit.Assert.fail(Assert.java:88)
	at com.microfocus.adm.octane.gherkinautomation.ChromeLiveChatTest.gOneThen(ChromeLiveChatTest.java:63)
	at ✽.g one then(src/test/resources/full/gherkin_test.feature:7)
]]></error_message></step></steps></scenario><scenario name="s25"><steps><step duration="327505" name="  Given 0" status="passed"></step><step duration="327505" name="  When 1" status="passed"></step><step duration="327505" name="  Then 2" status="passed"></step></steps></scenario><scenario name="s26"><steps><step duration="327505" name="  Given 0" status="passed"></step><step duration="327505" name="  When 1" status="passed"></step><step duration="327505" name="  Then 2" status="passed"></step></steps></scenario><scenario name="s27"><steps><step duration="327505" name="  Given 0" status="passed"></step><step duration="327505" name="  When 1" status="passed"></step><step duration="327505" name="  Then 2" status="failed"><error_message><![CDATA[java.lang.AssertionError: Error
	at org.junit.Assert.fail(Assert.java:88)
	at com.microfocus.adm.octane.gherkinautomation.ChromeLiveChatTest.gOneThen(ChromeLiveChatTest.java:63)
	at ✽.g one then(src/test/resources/full/gherkin_test.feature:7)
]]></error_message></step></steps></scenario><scenario name="s28"><steps><step duration="327505" name="  Given 0" status="passed"></step><step duration="327505" name="  When 1" status="passed"></step><step duration="327505" name="  Then 2" status="passed"></step></steps></scenario><scenario name="s29"><steps><step duration="327505" name="  Given 0" status="passed"></step><step duration="327505" name="  When 1" status="passed"></step><step duration="327505" name="  Then 2" status="passed"></step></steps></scenario></scenarios></feature><feature name="f5" path="src\test\resources\full\gherkin_test5.feature" started="1580113075304" tag=""><file><![CDATA[Feature: f5
  Scenario: s30
  Given 0
  When 1
  Then 2

  Scenario: s31
  Given 0
  When 1
  Then 2

  Scenario: s32
  Given 0
  When 1
  Then 2

  Scenario: s33
  Given 0
  When 1
  Then 2

  Scenario: s34
  Given 0
  When 1
  Then 2

  Scenario: s35
  Given 0
  When 1
  Then 2

]]></file><scenarios><scenario name="s30"><steps><step duration="327505" name="  Given 0" status="passed"></step><step duration="327505" name="  When 1" status="passed"></step><step duration="327505" name="  Then 2" status="failed"><error_message><![CDATA[java.lang.AssertionError: Error
	at org.junit.Assert.fail(Assert.java:88)
	at com.microfocus.adm.octane.gherkinautomation.ChromeLiveChatTest.gOneThen(ChromeLiveChatTest.java:63)
	at ✽.g one then(src/test/resources/full/gherkin_test.feature:7)
]]></error_message></step></steps></scenario><scenario name="s31"><steps><step duration="327505" name="  Given 0" status="passed"></step><step duration="327505" name="  When 1" status="passed"></step><step duration="327505" name="  Then 2" status="passed"></step></steps></scenario><scenario name="s32"><steps><step duration="327505" name="  Given 0" status="passed"></step><step duration="327505" name="  When 1" status="passed"></step><step duration="327505" name="  Then 2" status="passed"></step></steps></scenario><scenario name="s33"><steps><step duration="327505" name="  Given 0" status="passed"></step><step duration="327505" name="  When 1" status="passed"></step><step duration="327505" name="  Then 2" status="failed"><error_message><![CDATA[java.lang.AssertionError: Error
	at org.junit.Assert.fail(Assert.java:88)
	at com.microfocus.adm.octane.gherkinautomation.ChromeLiveChatTest.gOneThen(ChromeLiveChatTest.java:63)
	at ✽.g one then(src/test/resources/full/gherkin_test.feature:7)
]]></error_message></step></steps></scenario><scenario name="s34"><steps><step duration="327505" name="  Given 0" status="passed"></step><step duration="327505" name="  When 1" status="passed"></step><step duration="327505" name="  Then 2" status="passed"></step></steps></scenario><scenario name="s35"><steps><step duration="327505" name="  Given 0" status="passed"></step><step duration="327505" name="  When 1" status="passed"></step><step duration="327505" name="  Then 2" status="passed"></step></steps></scenario></scenarios></feature><feature name="f6" path="src\test\resources\full\gherkin_test6.feature" started="1580113075304" tag=""><file><![CDATA[Feature: f6
  Scenario: s36
  Given 0
  When 1
  Then 2

  Scenario: s37
  Given 0
  When 1
  Then 2

  Scenario: s38
  Given 0
  When 1
  Then 2

  Scenario: s39
  Given 0
  When 1
  Then 2

  Scenario: s40
  Given 0
  When 1
  Then 2

  Scenario: s41
  Given 0
  When 1
  Then 2

]]></file><scenarios><scenario name="s36"><steps><step duration="327505" name="  Given 0" status="passed"></step><step duration="327505" name="  When 1" status="passed"></step><step duration="327505" name="  Then 2" status="failed"><error_message><![CDATA[java.lang.AssertionError: Error
	at org.junit.Assert.fail(Assert.java:88)
	at com.microfocus.adm.octane.gherkinautomation.ChromeLiveChatTest.gOneThen(ChromeLiveChatTest.java:63)
	at ✽.g one then(src/test/resources/full/gherkin_test.feature:7)
]]></error_message></step></steps></scenario><scenario name="s37"><steps><step duration="327505" name="  Given 0" status="passed"></step><step duration="327505" name="  When 1" status="passed"></step><step duration="327505" name="  Then 2" status="passed"></step></steps></scenario><scenario name="s38"><steps><step duration="327505" name="  Given 0" status="passed"></step><step duration="327505" name="  When 1" status="passed"></step><step duration="327505" name="  Then 2" status="passed"></step></steps></scenario><scenario name="s39"><steps><step duration="327505" name="  Given 0" status="passed"></step><step duration="327505" name="  When 1" status="passed"></step><step duration="327505" name="  Then 2" status="failed"><error_message><![CDATA[java.lang.AssertionError: Error
	at org.junit.Assert.fail(Assert.java:88)
	at com.microfocus.adm.octane.gherkinautomation.ChromeLiveChatTest.gOneThen(ChromeLiveChatTest.java:63)
	at ✽.g one then(src/test/resources/full/gherkin_test.feature:7)
]]></error_message></step></steps></scenario><scenario name="s40"><steps><step duration="327505" name="  Given 0" status="passed"></step><step duration="327505" name="  When 1" status="passed"></step><step duration="327505" name="  Then 2" status="passed"></step></steps></scenario><scenario name="s41"><steps><step duration="327505" name="  Given 0" status="passed"></step><step duration="327505" name="  When 1" status="passed"></step><step duration="327505" name="  Then 2" status="passed"></step></steps></scenario></scenarios></feature><feature name="f7" path="src\test\resources\full\gherkin_test7.feature" started="1580113075304" tag=""><file><![CDATA[Feature: f7
  Scenario: s42
  Given 0
  When 1
  Then 2

  Scenario: s43
  Given 0
  When 1
  Then 2

  Scenario: s44
  Given 0
  When 1
  Then 2

  Scenario: s45
  Given 0
  When 1
  Then 2

  Scenario: s46
  Given 0
  When 1
  Then 2

  Scenario: s47
  Given 0
  When 1
  Then 2

]]></file><scenarios><scenario name="s42"><steps><step duration="327505" name="  Given 0" status="passed"></step><step duration="327505" name="  When 1" status="passed"></step><step duration="327505" name="  Then 2" status="failed"><error_message><![CDATA[java.lang.AssertionError: Error
	at org.junit.Assert.fail(Assert.java:88)
	at com.microfocus.adm.octane.gherkinautomation.ChromeLiveChatTest.gOneThen(ChromeLiveChatTest.java:63)
	at ✽.g one then(src/test/resources/full/gherkin_test.feature:7)
]]></error_message></step></steps></scenario><scenario name="s43"><steps><step duration="327505" name="  Given 0" status="passed"></step><step duration="327505" name="  When 1" status="passed"></step><step duration="327505" name="  Then 2" status="passed"></step></steps></scenario><scenario name="s44"><steps><step duration="327505" name="  Given 0" status="passed"></step><step duration="327505" name="  When 1" status="passed"></step><step duration="327505" name="  Then 2" status="passed"></step></steps></scenario><scenario name="s45"><steps><step duration="327505" name="  Given 0" status="passed"></step><step duration="327505" name="  When 1" status="passed"></step><step duration="327505" name="  Then 2" status="failed"><error_message><![CDATA[java.lang.AssertionError: Error
	at org.junit.Assert.fail(Assert.java:88)
	at com.microfocus.adm.octane.gherkinautomation.ChromeLiveChatTest.gOneThen(ChromeLiveChatTest.java:63)
	at ✽.g one then(src/test/resources/full/gherkin_test.feature:7)
]]></error_message></step></steps></scenario><scenario name="s46"><steps><step duration="327505" name="  Given 0" status="passed"></step><step duration="327505" name="  When 1" status="passed"></step><step duration="327505" name="  Then 2" status="passed"></step></steps></scenario><scenario name="s47"><steps><step duration="327505" name="  Given 0" status="passed"></step><step duration="327505" name="  When 1" status="passed"></step><step duration="327505" name="  Then 2" status="passed"></step></steps></scenario></scenarios></feature><feature name="f8" path="src\test\resources\full\gherkin_test8.feature" started="1580113075304" tag=""><file><![CDATA[Feature: f8
  Scenario: s48
  Given 0
  When 1
  Then 2

  Scenario: s49
  Given 0
  When 1
  Then 2

  Scenario: s50
  Given 0
  When 1
  Then 2

  Scenario: s51
  Given 0
  When 1
  Then 2

  Scenario: s52
  Given 0
  When 1
  Then 2

  Scenario: s53
  Given 0
  When 1
  Then 2

]]></file><scenarios><scenario name="s48"><steps><step duration="327505" name="  Given 0" status="passed"></step><step duration="327505" name="  When 1" status="passed"></step><step duration="327505" name="  Then 2" status="failed"><error_message><![CDATA[java.lang.AssertionError: Error
	at org.junit.Assert.fail(Assert.java:88)
	at com.microfocus.adm.octane.gherkinautomation.ChromeLiveChatTest.gOneThen(ChromeLiveChatTest.java:63)
	at ✽.g one then(src/test/resources/full/gherkin_test.feature:7)
]]></error_message></step></steps></scenario><scenario name="s49"><steps><step duration="327505" name="  Given 0" status="passed"></step><step duration="327505" name="  When 1" status="passed"></step><step duration="327505" name="  Then 2" status="passed"></step></steps></scenario><scenario name="s50"><steps><step duration="327505" name="  Given 0" status="passed"></step><step duration="327505" name="  When 1" status="passed"></step><step duration="327505" name="  Then 2" status="passed"></step></steps></scenario><scenario name="s51"><steps><step duration="327505" name="  Given 0" status="passed"></step><step duration="327505" name="  When 1" status="passed"></step><step duration="327505" name="  Then 2" status="failed"><error_message><![CDATA[java.lang.AssertionError: Error
	at org.junit.Assert.fail(Assert.java:88)
	at com.microfocus.adm.octane.gherkinautomation.ChromeLiveChatTest.gOneThen(ChromeLiveChatTest.java:63)
	at ✽.g one then(src/test/resources/full/gherkin_test.feature:7)
]]></error_message></step></steps></scenario><scenario name="s52"><steps><step duration="327505" name="  Given 0" status="passed"></step><step duration="327505" name="  When 1" status="passed"></step><step duration="327505" name="  Then 2" status="passed"></step></steps></scenario><scenario name="s53"><steps><step duration="327505" name="  Given 0" status="passed"></step><step duration="327505" name="  When 1" status="passed"></step><step duration="327505" name="  Then 2" status="passed"></step></steps></scenario></scenarios></feature><feature name="f9" path="src\test\resources\full\gherkin_test9.feature" started="1580113075304" tag=""><file><![CDATA[Feature: f9
  Scenario: s54
  Given 0
  When 1
  Then 2

  Scenario: s55
  Given 0
  When 1
  Then 2

  Scenario: s56
  Given 0
  When 1
  Then 2

  Scenario: s57
  Given 0
  When 1
  Then 2

  Scenario: s58
  Given 0
  When 1
  Then 2

  Scenario: s59
  Given 0
  When 1
  Then 2

]]></file><scenarios><scenario name="s54"><steps><step duration="327505" name="  Given 0" status="passed"></step><step duration="327505" name="  When 1" status="passed"></step><step duration="327505" name="  Then 2" status="failed"><error_message><![CDATA[java.lang.AssertionError: Error
	at org.junit.Assert.fail(Assert.java:88)
	at com.microfocus.adm.octane.gherkinautomation.ChromeLiveChatTest.gOneThen(ChromeLiveChatTest.java:63)
	at ✽.g one then(src/test/resources/full/gherkin_test.feature:7)
]]></error_message></step></steps></scenario><scenario name="s55"><steps><step duration="327505" name="  Given 0" status="passed"></step><step duration="327505" name="  When 1" status="passed"></step><step duration="327505" name="  Then 2" status="passed"></step></steps></scenario><scenario name="s56"><steps><step duration="327505" name="  Given 0" status="passed"></step><step duration="327505" name="  When 1" status="passed"></step><step duration="327505" name="  Then 2" status="passed"></step></steps></scenario><scenario name="s57"><steps><step duration="327505" name="  Given 0" status="passed"></step><step duration="327505" name="  When 1" status="passed"></step><step duration="327505" name="  Then 2" status="failed"><error_message><![CDATA[java.lang.AssertionError: Error
	at org.junit.Assert.fail(Assert.java:88)
	at com.microfocus.adm.octane.gherkinautomation.ChromeLiveChatTest.gOneThen(ChromeLiveChatTest.java:63)
	at ✽.g one then(src/test/resources/full/gherkin_test.feature:7)
]]></error_message></step></steps></scenario><scenario name="s58"><steps><step duration="327505" name="  Given 0" status="passed"></step><step duration="327505" name="  When 1" status="passed"></step><step duration="327505" name="  Then 2" status="passed"></step></steps></scenario><scenario name="s59"><steps><step duration="327505" name="  Given 0" status="passed"></step><step duration="327505" name="  When 1" status="passed"></step><step duration="327505" name="  Then 2" status="passed"></step></steps></scenario></scenarios></feature><feature name="f10" path="src\test\resources\full\gherkin_test10.feature" started="1580113075304" tag=""><file><![CDATA[Feature: f10
  Scenario: s60
  Given 0
  When 1
  Then 2

  Scenario: s61
  Given 0
  When 1
  Then 2

  Scenario: s62
  Given 0
  When 1
  Then 2

  Scenario: s63
  Given 0
  When 1
  Then 2

  Scenario: s64
  Given 0
  When 1
  Then 2

  Scenario: s65
  Given 0
  When 1
  Then 2

]]></file><scenarios><scenario name="s60"><steps><step duration="327505" name="  Given 0" status="passed"></step><step duration="327505" name="  When 1" status="passed"></step><step duration="327505" name="  Then 2" status="failed"><error_message><![CDATA[java.lang.AssertionError: Error
	at org.junit.Assert.fail(Assert.java:88)
	at com.microfocus.adm.octane.gherkinautomation.ChromeLiveChatTest.gOneThen(ChromeLiveChatTest.java:63)
	at ✽.g one then(src/test/resources/full/gherkin_test.feature:7)
]]></error_message></step></steps></scenario><scenario name="s61"><steps><step duration="327505" name="  Given 0" status="passed"></step><step duration="327505" name="  When 1" status="passed"></step><step duration="327505" name="  Then 2" status="passed"></step></steps></scenario><scenario name="s62"><steps><step duration="327505" name="  Given 0" status="passed"></step><step duration="327505" name="  When 1" status="passed"></step><step duration="327505" name="  Then 2" status="passed"></step></steps></scenario><scenario name="s63"><steps><step duration="327505" name="  Given 0" status="passed"></step><step duration="327505" name="  When 1" status="passed"></step><step duration="327505" name="  Then 2" status="failed"><error_message><![CDATA[java.lang.AssertionError: Error
	at org.junit.Assert.fail(Assert.java:88)
	at com.microfocus.adm.octane.gherkinautomation.ChromeLiveChatTest.gOneThen(ChromeLiveChatTest.java:63)
	at ✽.g one then(src/test/resources/full/gherkin_test.feature:7)
]]></error_message></step></steps></scenario><scenario name="s64"><steps><step duration="327505" name="  Given 0" status="passed"></step><step duration="327505" name="  When 1" status="passed"></step><step duration="327505" name="  Then 2" status="passed"></step></steps></scenario><scenario name="s65"><steps><step duration="327505" name="  Given 0" status="passed"></step><step duration="327505" name="  When 1" status="passed"></step><step duration="327505" name="  Then 2" status="passed"></step></steps></scenario></scenarios></feature><feature name="f11" path="src\test\resources\full\gherkin_test11.feature" started="1580113075304" tag=""><file><![CDATA[Feature: f11
  Scenario: s66
  Given 0
  When 1
  Then 2

  Scenario: s67
  Given 0
  When 1
  Then 2

  Scenario: s68
  Given 0
  When 1
  Then 2

  Scenario: s69
  Given 0
  When 1
  Then 2

  Scenario: s70
  Given 0
  When 1
  Then 2

  Scenario: s71
  Given 0
  When 1
  Then 2

]]></file><scenarios><scenario name="s66"><steps><step duration="327505" name="  Given 0" status="passed"></step><step duration="327505" name="  When 1" status="passed"></step><step duration="327505" name="  Then 2" status="failed"><error_message><![CDATA[java.lang.AssertionError: Error
	at org.junit.Assert.fail(Assert.java:88)
	at com.microfocus.adm.octane.gherkinautomation.ChromeLiveChatTest.gOneThen(ChromeLiveChatTest.java:63)
	at ✽.g one then(src/test/resources/full/gherkin_test.feature:7)
]]></error_message></step></steps></scenario><scenario name="s67"><steps><step duration="327505" name="  Given 0" status="passed"></step><step duration="327505" name="  When 1" status="passed"></step><step duration="327505" name="  Then 2" status="passed"></step></steps></scenario><scenario name="s68"><steps><step duration="327505" name="  Given 0" status="passed"></step><step duration="327505" name="  When 1" status="passed"></step><step duration="327505" name="  Then 2" status="passed"></step></steps></scenario><scenario name="s69"><steps><step duration="327505" name="  Given 0" status="passed"></step><step duration="327505" name="  When 1" status="passed"></step><step duration="327505" name="  Then 2" status="failed"><error_message><![CDATA[java.lang.AssertionError: Error
	at org.junit.Assert.fail(Assert.java:88)
	at com.microfocus.adm.octane.gherkinautomation.ChromeLiveChatTest.gOneThen(ChromeLiveChatTest.java:63)
	at ✽.g one then(src/test/resources/full/gherkin_test.feature:7)
]]></error_message></step></steps></scenario><scenario name="s70"><steps><step duration="327505" name="  Given 0" status="passed"></step><step duration="327505" name="  When 1" status="passed"></step><step duration="327505" name="  Then 2" status="passed"></step></steps></scenario><scenario name="s71"><steps><step duration="327505" name="  Given 0" status="passed"></step><step duration="327505" name="  When 1" status="passed"></step><step duration="327505" name="  Then 2" status="passed"></step></steps></scenario></scenarios></feature><feature name="f12" path="src\test\resources\full\gherkin_test12.feature" started="1580113075304" tag=""><file><![CDATA[Feature: f12
  Scenario: s72
  Given 0
  When 1
  Then 2

  Scenario: s73
  Given 0
  When 1
  Then 2

  Scenario: s74
  Given 0
  When 1
  Then 2

  Scenario: s75
  Given 0
  When 1
  Then 2

  Scenario: s76
  Given 0
  When 1
  Then 2

  Scenario: s77
  Given 0
  When 1
  Then 2

]]></file><scenarios><scenario name="s72"><steps><step duration="327505" name="  Given 0" status="passed"></step><step duration="327505" name="  When 1" status="passed"></step><step duration="327505" name="  Then 2" status="failed"><error_message><![CDATA[java.lang.AssertionError: Error
	at org.junit.Assert.fail(Assert.java:88)
	at com.microfocus.adm.octane.gherkinautomation.ChromeLiveChatTest.gOneThen(ChromeLiveChatTest.java:63)
	at ✽.g one then(src/test/resources/full/gherkin_test.feature:7)
]]></error_message></step></steps></scenario><scenario name="s73"><steps><step duration="327505" name="  Given 0" status="passed"></step><step duration="327505" name="  When 1" status="passed"></step><step duration="327505" name="  Then 2" status="passed"></step></steps></scenario><scenario name="s74"><steps><step duration="327505" name="  Given 0" status="passed"></step><step duration="327505" name="  When 1" status="passed"></step><step duration="327505" name="  Then 2" status="passed"></step></steps></scenario><scenario name="s75"><steps><step duration="327505" name="  Given 0" status="passed"></step><step duration="327505" name="  When 1" status="passed"></step><step duration="327505" name="  Then 2" status="failed"><error_message><![CDATA[java.lang.AssertionError: Error
	at org.junit.Assert.fail(Assert.java:88)
	at com.microfocus.adm.octane.gherkinautomation.ChromeLiveChatTest.gOneThen(ChromeLiveChatTest.java:63)
	at ✽.g one then(src/test/resources/full/gherkin_test.feature:7)
]]></error_message></step></steps></scenario><scenario name="s76"><steps><step duration="327505" name="  Given 0" status="passed"></step><step duration="327505" name="  When 1" status="passed"></step><step duration="327505" name="  Then 2" status="passed"></step></steps></scenario><scenario name="s77"><steps><step duration="327505" name="  Given 0" status="passed"></step><step duration="327505" name="  When 1" status="passed"></step><step duration="327505" name="  Then 2" status="passed"></step></steps></scenario></scenarios></feature><feature name="f13" path="src\test\resources\full\gherkin_test13.feature" started="1580113075304" tag=""><file><![CDATA[Feature: f13
  Scenario: s78
  Given 0
  When 1
  Then 2

  Scenario: s79
  Given 0
  When 1
  Then 2

  Scenario: s80
  Given 0
  When 1
  Then 2

  Scenario: s81
  Given 0
  When 1
  Then 2

  Scenario: s82
  Given 0
  When 1
  Then 2

  Scenario: s83
  Given 0
  When 1
  Then 2

]]></file><scenarios><scenario name="s78"><steps><step duration="327505" name="  Given 0" status="passed"></step><step duration="327505" name="  When 1" status="passed"></step><step duration="327505" name="  Then 2" status="failed"><error_message><![CDATA[java.lang.AssertionError: Error
	at org.junit.Assert.fail(Assert.java:88)
	at com.microfocus.adm.octane.gherkinautomation.ChromeLiveChatTest.gOneThen(ChromeLiveChatTest.java:63)
	at ✽.g one then(src/test/resources/full/gherkin_test.feature:7)
]]></error_message></step></steps></scenario><scenario name="s79"><steps><step duration="327505" name="  Given 0" status="passed"></step><step duration="327505" name="  When 1" status="passed"></step><step duration="327505" name="  Then 2" status="passed"></step></steps></scenario><scenario name="s80"><steps><step duration="327505" name="  Given 0" status="passed"></step><step duration="327505" name="  When 1" status="passed"></step><step duration="327505" name="  Then 2" status="passed"></step></steps></scenario><scenario name="s81"><steps><step duration="327505" name="  Given 0" status="passed"></step><step duration="327505" name="  When 1" status="passed"></step><step duration="327505" name="  Then 2" status="failed"><error_message><![CDATA[java.lang.AssertionError: Error
	at org.junit.Assert.fail(Assert.java:88)
	at com.microfocus.adm.octane.gherkinautomation.ChromeLiveChatTest.gOneThen(ChromeLiveChatTest.java:63)
	at ✽.g one then(src/test/resources/full/gherkin_test.feature:7)
]]></error_message></step></steps></scenario><scenario name="s82"><steps><step duration="327505" name="  Given 0" status="passed"></step><step duration="327505" name="  When 1" status="passed"></step><step duration="327505" name="  Then 2" status="passed"></step></steps></scenario><scenario name="s83"><steps><step duration="327505" name="  Given 0" status="passed"></step><step duration="327505" name="  When 1" status="passed"></step><step duration="327505" name="  Then 2" status="passed"></step></steps></scenario></scenarios></feature><feature name="f14" path="src\test\resources\full\gherkin_test14.feature" started="1580113075304" tag=""><file><![CDATA[Feature: f14
  Scenario: s84
  Given 0
  When 1
  Then 2

  Scenario: s85
  Given 0
  When 1
  Then 2

  Scenario: s86
  Given 0
  When 1
  Then 2

  Scenario: s87
  Given 0
  When 1
  Then 2

  Scenario: s88
  Given 0
  When 1
  Then 2

  Scenario: s89
  Given 0
  When 1
  Then 2

]]></file><scenarios><scenario name="s84"><steps><step duration="327505" name="  Given 0" status="passed"></step><step duration="327505" name="  When 1" status="passed"></step><step duration="327505" name="  Then 2" status="failed"><error_message><![CDATA[java.lang.AssertionError: Error
	at org.junit.Assert.fail(Assert.java:88)
	at com.microfocus.adm.octane.gherkinautomation.ChromeLiveChatTest.gOneThen(ChromeLiveChatTest.java:63)
	at ✽.g one then(src/test/resources/full/gherkin_test.feature:7)
]]></error_message></step></steps></scenario><scenario name="s85"><steps><step duration="327505" name="  Given 0" status="passed"></step><step duration="327505" name="  When 1" status="passed"></step><step duration="327505" name="  Then 2" status="passed"></step></steps></scenario><scenario name="s86"><steps><step duration="327505" name="  Given 0" status="passed"></step><step duration="327505" name="  When 1" status="passed"></step><step duration="327505" name="  Then 2" status="passed"></step></steps></scenario><scenario name="s87"><steps><step duration="327505" name="  Given 0" status="passed"></step><step duration="327505" name="  When 1" status="passed"></step><step duration="327505" name="  Then 2" status="failed"><error_message><![CDATA[java.lang.AssertionError: Error
	at org.junit.Assert.fail(Assert.java:88)
	at com.microfocus.adm.octane.gherkinautomation.ChromeLiveChatTest.gOneThen(ChromeLiveChatTest.java:63)
	at ✽.g one then(src/test/resources/full/gherkin_test.feature:7)
]]></error_message></step></steps></scenario><scenario name="s88"><steps><step duration="327505" name="  Given 0" status="passed"></step><step duration="327505" name="  When 1" status="passed"></step><step duration="327505" name="  Then 2" status="passed"></step></steps></scenario><scenario name="s89"><steps><step duration="327505" name="  Given 0" status="passed"></step><step duration="327505" name="  When 1" status="passed"></step><step duration="327505" name="  Then 2" status="passed"></step></steps></scenario></scenarios></feature></features>
